2022-03-31 15:35:39,320 ERROR            [restartedMain] org.springframework.boot.diagnostics.LoggingFailureAnalysisReporter                 : 

***************************
APPLICATION FAILED TO START
***************************

Description:

Failed to bind properties under 'logging.level' to java.util.Map<java.lang.String, org.springframework.boot.logging.LogLevel>:

    Reason: org.springframework.core.convert.ConverterNotFoundException: No converter found capable of converting from type [java.lang.String] to type [java.util.Map<java.lang.String, org.springframework.boot.logging.LogLevel>]

Action:

Update your application's configuration

2022-03-31 15:48:32,967 ERROR            [restartedMain] org.springframework.boot.diagnostics.LoggingFailureAnalysisReporter                 : 

***************************
APPLICATION FAILED TO START
***************************

Description:

Failed to bind properties under 'logging.level' to java.util.Map<java.lang.String, org.springframework.boot.logging.LogLevel>:

    Reason: org.springframework.core.convert.ConverterNotFoundException: No converter found capable of converting from type [java.lang.String] to type [java.util.Map<java.lang.String, org.springframework.boot.logging.LogLevel>]

Action:

Update your application's configuration

2022-03-31 15:50:54,041 ERROR            [restartedMain] org.springframework.boot.diagnostics.LoggingFailureAnalysisReporter                 : 

***************************
APPLICATION FAILED TO START
***************************

Description:

Failed to bind properties under 'logging.level' to java.util.Map<java.lang.String, org.springframework.boot.logging.LogLevel>:

    Reason: org.springframework.core.convert.ConverterNotFoundException: No converter found capable of converting from type [java.lang.String] to type [java.util.Map<java.lang.String, org.springframework.boot.logging.LogLevel>]

Action:

Update your application's configuration

2022-03-31 15:54:21,256 ERROR            [restartedMain] org.springframework.boot.diagnostics.LoggingFailureAnalysisReporter                 : 

***************************
APPLICATION FAILED TO START
***************************

Description:

Failed to bind properties under 'logging.level' to java.util.Map<java.lang.String, org.springframework.boot.logging.LogLevel>:

    Reason: org.springframework.core.convert.ConverterNotFoundException: No converter found capable of converting from type [java.lang.String] to type [java.util.Map<java.lang.String, org.springframework.boot.logging.LogLevel>]

Action:

Update your application's configuration

2022-03-31 16:02:09,549 ERROR            [restartedMain] org.springframework.boot.diagnostics.LoggingFailureAnalysisReporter                 : 

***************************
APPLICATION FAILED TO START
***************************

Description:

Failed to bind properties under 'logging.level' to java.util.Map<java.lang.String, org.springframework.boot.logging.LogLevel>:

    Reason: org.springframework.core.convert.ConverterNotFoundException: No converter found capable of converting from type [java.lang.String] to type [java.util.Map<java.lang.String, org.springframework.boot.logging.LogLevel>]

Action:

Update your application's configuration

2022-03-31 16:03:03,302 INFO             [restartedMain] org.springframework.boot.StartupInfoLogger                                          : Starting WarehouseApplication using Java 17.0.2 on DESKTOP-20K7905 with PID 12832 (D:\real\ShoppingSystem\target\classes started by Myboo in D:\real\ShoppingSystem)
2022-03-31 16:03:03,305 DEBUG            [restartedMain] org.springframework.boot.StartupInfoLogger                                          : Running with Spring Boot v2.6.4, Spring v5.3.16
2022-03-31 16:03:03,305 INFO             [restartedMain] org.springframework.boot.SpringApplication                                          : No active profile set, falling back to 1 default profile: "default"
2022-03-31 16:03:03,383 INFO             [restartedMain] org.springframework.boot.logging.DeferredLog                                        : Devtools property defaults active! Set 'spring.devtools.add-properties' to 'false' to disable
2022-03-31 16:03:03,383 INFO             [restartedMain] org.springframework.boot.logging.DeferredLog                                        : For additional web related logging consider setting the 'logging.level.web' property to 'DEBUG'
2022-03-31 16:03:05,082 INFO             [restartedMain] org.springframework.data.repository.config.RepositoryConfigurationDelegate          : Bootstrapping Spring Data JPA repositories in DEFAULT mode.
2022-03-31 16:03:05,219 INFO             [restartedMain] org.springframework.data.repository.config.RepositoryConfigurationDelegate          : Finished Spring Data repository scanning in 119 ms. Found 14 JPA repository interfaces.
2022-03-31 16:03:05,933 INFO             [restartedMain] org.springframework.boot.web.embedded.tomcat.TomcatWebServer                        : Tomcat initialized with port(s): 9090 (http)
2022-03-31 16:03:05,942 INFO             [restartedMain] org.apache.juli.logging.DirectJDKLog                                                : Initializing ProtocolHandler ["http-nio-9090"]
2022-03-31 16:03:05,943 INFO             [restartedMain] org.apache.juli.logging.DirectJDKLog                                                : Starting service [Tomcat]
2022-03-31 16:03:05,944 INFO             [restartedMain] org.apache.juli.logging.DirectJDKLog                                                : Starting Servlet engine: [Apache Tomcat/9.0.58]
2022-03-31 16:03:06,031 INFO             [restartedMain] org.apache.juli.logging.DirectJDKLog                                                : Initializing Spring embedded WebApplicationContext
2022-03-31 16:03:06,031 INFO             [restartedMain] org.springframework.boot.web.servlet.context.ServletWebServerApplicationContext     : Root WebApplicationContext: initialization completed in 2647 ms
2022-03-31 16:03:06,276 INFO             [restartedMain] org.hibernate.jpa.internal.util.LogHelper                                           : HHH000204: Processing PersistenceUnitInfo [name: default]
2022-03-31 16:03:06,334 INFO             [restartedMain] org.hibernate.Version                                                               : HHH000412: Hibernate ORM core version 5.6.5.Final
2022-03-31 16:03:06,486 INFO             [restartedMain] org.hibernate.annotations.common.reflection.java.JavaReflectionManager              : HCANN000001: Hibernate Commons Annotations {5.1.2.Final}
2022-03-31 16:03:06,578 INFO             [restartedMain] com.zaxxer.hikari.HikariDataSource                                                  : HikariPool-1 - Starting...
2022-03-31 16:03:06,789 INFO             [restartedMain] com.zaxxer.hikari.HikariDataSource                                                  : HikariPool-1 - Start completed.
2022-03-31 16:03:06,804 INFO             [restartedMain] org.hibernate.dialect.Dialect                                                       : HHH000400: Using dialect: org.hibernate.dialect.PostgreSQL10Dialect
2022-03-31 16:03:06,973 INFO             dMain] org.hibernate.search.mapper.orm.bootstrap.impl.HibernateSearchPreIntegrationService$Initiator: HSEARCH000034: Hibernate Search version 6.1.3.Final
2022-03-31 16:03:07,780 INFO             [restartedMain] org.hibernate.engine.transaction.jta.platform.internal.JtaPlatformInitiator         : HHH000490: Using JtaPlatform implementation: [org.hibernate.engine.transaction.jta.platform.internal.NoJtaPlatform]
2022-03-31 16:03:07,885 WARN             [restartedMain] org.hibernate.search.backend.lucene.impl.LuceneBackendFactory                       : HSEARCH000075: Missing value for configuration property 'hibernate.search.backend.lucene_version': using LATEST (currently '8.11.1'). Context: default backend
2022-03-31 16:03:08,044 INFO             [restartedMain] org.springframework.orm.jpa.AbstractEntityManagerFactoryBean                        : Initialized JPA EntityManagerFactory for persistence unit 'default'
2022-03-31 16:03:08,436 WARN             startedMain] org.springframework.boot.autoconfigure.orm.jpa.JpaBaseConfiguration$JpaWebConfiguration: spring.jpa.open-in-view is enabled by default. Therefore, database queries may be performed during view rendering. Explicitly configure spring.jpa.open-in-view to disable this warning
2022-03-31 16:03:08,958 INFO             [restartedMain] org.springframework.security.web.DefaultSecurityFilterChain                         : Will not secure any request
2022-03-31 16:03:09,066 WARN             [restartedMain] org.hibernate.engine.jdbc.spi.SqlExceptionHelper                                    : SQL Error: 0, SQLState: 23505
2022-03-31 16:03:09,066 ERROR            [restartedMain] org.hibernate.engine.jdbc.spi.SqlExceptionHelper                                    : ERROR: duplicate key value violates unique constraint "uk_t1iph3dfc25ukwcl9xemtnojn"
  Detail: Key (username)=(1) already exists.
2022-03-31 16:03:09,889 INFO             [restartedMain] org.springframework.boot.devtools.autoconfigure.OptionalLiveReloadServer            : LiveReload server is running on port 35729
2022-03-31 16:03:09,921 INFO             [restartedMain] org.apache.juli.logging.DirectJDKLog                                                : Starting ProtocolHandler ["http-nio-9090"]
2022-03-31 16:03:09,941 INFO             [restartedMain] org.springframework.boot.web.embedded.tomcat.TomcatWebServer                        : Tomcat started on port(s): 9090 (http) with context path ''
2022-03-31 16:03:09,953 INFO             [restartedMain] org.springframework.boot.StartupInfoLogger                                          : Started WarehouseApplication in 7.0 seconds (JVM running for 7.777)
2022-03-31 16:07:32,374 INFO             [restartedMain] org.springframework.boot.StartupInfoLogger                                          : Starting WarehouseApplication using Java 17.0.2 on DESKTOP-20K7905 with PID 10156 (D:\real\ShoppingSystem\target\classes started by Myboo in D:\real\ShoppingSystem)
2022-03-31 16:07:32,377 DEBUG            [restartedMain] org.springframework.boot.StartupInfoLogger                                          : Running with Spring Boot v2.6.4, Spring v5.3.16
2022-03-31 16:07:32,377 INFO             [restartedMain] org.springframework.boot.SpringApplication                                          : No active profile set, falling back to 1 default profile: "default"
2022-03-31 16:07:32,425 INFO             [restartedMain] org.springframework.boot.logging.DeferredLog                                        : Devtools property defaults active! Set 'spring.devtools.add-properties' to 'false' to disable
2022-03-31 16:07:32,425 INFO             [restartedMain] org.springframework.boot.logging.DeferredLog                                        : For additional web related logging consider setting the 'logging.level.web' property to 'DEBUG'
2022-03-31 16:07:33,108 INFO             [restartedMain] org.springframework.data.repository.config.RepositoryConfigurationDelegate          : Bootstrapping Spring Data JPA repositories in DEFAULT mode.
2022-03-31 16:07:33,201 INFO             [restartedMain] org.springframework.data.repository.config.RepositoryConfigurationDelegate          : Finished Spring Data repository scanning in 83 ms. Found 14 JPA repository interfaces.
2022-03-31 16:07:33,748 INFO             [restartedMain] org.springframework.boot.web.embedded.tomcat.TomcatWebServer                        : Tomcat initialized with port(s): 9090 (http)
2022-03-31 16:07:33,754 INFO             [restartedMain] org.apache.juli.logging.DirectJDKLog                                                : Initializing ProtocolHandler ["http-nio-9090"]
2022-03-31 16:07:33,755 INFO             [restartedMain] org.apache.juli.logging.DirectJDKLog                                                : Starting service [Tomcat]
2022-03-31 16:07:33,756 INFO             [restartedMain] org.apache.juli.logging.DirectJDKLog                                                : Starting Servlet engine: [Apache Tomcat/9.0.58]
2022-03-31 16:07:33,825 INFO             [restartedMain] org.apache.juli.logging.DirectJDKLog                                                : Initializing Spring embedded WebApplicationContext
2022-03-31 16:07:33,826 INFO             [restartedMain] org.springframework.boot.web.servlet.context.ServletWebServerApplicationContext     : Root WebApplicationContext: initialization completed in 1400 ms
2022-03-31 16:07:34,040 INFO             [restartedMain] org.hibernate.jpa.internal.util.LogHelper                                           : HHH000204: Processing PersistenceUnitInfo [name: default]
2022-03-31 16:07:34,067 INFO             [restartedMain] org.hibernate.Version                                                               : HHH000412: Hibernate ORM core version 5.6.5.Final
2022-03-31 16:07:34,135 INFO             [restartedMain] org.hibernate.annotations.common.reflection.java.JavaReflectionManager              : HCANN000001: Hibernate Commons Annotations {5.1.2.Final}
2022-03-31 16:07:34,182 INFO             [restartedMain] com.zaxxer.hikari.HikariDataSource                                                  : HikariPool-1 - Starting...
2022-03-31 16:07:34,297 INFO             [restartedMain] com.zaxxer.hikari.HikariDataSource                                                  : HikariPool-1 - Start completed.
2022-03-31 16:07:34,306 INFO             [restartedMain] org.hibernate.dialect.Dialect                                                       : HHH000400: Using dialect: org.hibernate.dialect.PostgreSQL10Dialect
2022-03-31 16:07:34,433 INFO             dMain] org.hibernate.search.mapper.orm.bootstrap.impl.HibernateSearchPreIntegrationService$Initiator: HSEARCH000034: Hibernate Search version 6.1.3.Final
2022-03-31 16:07:34,872 INFO             [restartedMain] org.hibernate.engine.transaction.jta.platform.internal.JtaPlatformInitiator         : HHH000490: Using JtaPlatform implementation: [org.hibernate.engine.transaction.jta.platform.internal.NoJtaPlatform]
2022-03-31 16:07:34,955 WARN             [restartedMain] org.hibernate.search.backend.lucene.impl.LuceneBackendFactory                       : HSEARCH000075: Missing value for configuration property 'hibernate.search.backend.lucene_version': using LATEST (currently '8.11.1'). Context: default backend
2022-03-31 16:07:35,062 INFO             [restartedMain] org.springframework.orm.jpa.AbstractEntityManagerFactoryBean                        : Initialized JPA EntityManagerFactory for persistence unit 'default'
2022-03-31 16:07:35,399 WARN             startedMain] org.springframework.boot.autoconfigure.orm.jpa.JpaBaseConfiguration$JpaWebConfiguration: spring.jpa.open-in-view is enabled by default. Therefore, database queries may be performed during view rendering. Explicitly configure spring.jpa.open-in-view to disable this warning
2022-03-31 16:07:35,895 INFO             [restartedMain] org.springframework.security.web.DefaultSecurityFilterChain                         : Will not secure any request
2022-03-31 16:07:35,961 WARN             [restartedMain] org.hibernate.engine.jdbc.spi.SqlExceptionHelper                                    : SQL Error: 0, SQLState: 23505
2022-03-31 16:07:35,961 ERROR            [restartedMain] org.hibernate.engine.jdbc.spi.SqlExceptionHelper                                    : ERROR: duplicate key value violates unique constraint "uk_t1iph3dfc25ukwcl9xemtnojn"
  Detail: Key (username)=(1) already exists.
2022-03-31 16:07:36,688 WARN             [restartedMain] org.springframework.boot.devtools.autoconfigure.OptionalLiveReloadServer            : Unable to start LiveReload server
2022-03-31 16:07:36,716 INFO             [restartedMain] org.apache.juli.logging.DirectJDKLog                                                : Starting ProtocolHandler ["http-nio-9090"]
2022-03-31 16:07:36,722 WARN             [restartedMain] org.springframework.context.support.AbstractApplicationContext                      : Exception encountered during context initialization - cancelling refresh attempt: org.springframework.context.ApplicationContextException: Failed to start bean 'webServerStartStop'; nested exception is org.springframework.boot.web.server.PortInUseException: Port 9090 is already in use
2022-03-31 16:07:36,731 INFO             [restartedMain] org.springframework.orm.jpa.AbstractEntityManagerFactoryBean                        : Closing JPA EntityManagerFactory for persistence unit 'default'
2022-03-31 16:07:36,741 INFO             [restartedMain] com.zaxxer.hikari.HikariDataSource                                                  : HikariPool-1 - Shutdown initiated...
2022-03-31 16:07:36,743 INFO             [restartedMain] com.zaxxer.hikari.HikariDataSource                                                  : HikariPool-1 - Shutdown completed.
2022-03-31 16:07:36,747 INFO             [restartedMain] org.apache.juli.logging.DirectJDKLog                                                : Pausing ProtocolHandler ["http-nio-9090"]
2022-03-31 16:07:36,748 INFO             [restartedMain] org.apache.juli.logging.DirectJDKLog                                                : Stopping service [Tomcat]
2022-03-31 16:07:36,755 INFO             [restartedMain] org.apache.juli.logging.DirectJDKLog                                                : Stopping ProtocolHandler ["http-nio-9090"]
2022-03-31 16:07:36,755 INFO             [restartedMain] org.apache.juli.logging.DirectJDKLog                                                : Destroying ProtocolHandler ["http-nio-9090"]
2022-03-31 16:07:36,768 INFO             startedMain] org.springframework.boot.autoconfigure.logging.ConditionEvaluationReportLoggingListener: 

Error starting ApplicationContext. To display the conditions report re-run your application with 'debug' enabled.
2022-03-31 16:07:36,786 ERROR            [restartedMain] org.springframework.boot.diagnostics.LoggingFailureAnalysisReporter                 : 

***************************
APPLICATION FAILED TO START
***************************

Description:

Web server failed to start. Port 9090 was already in use.

Action:

Identify and stop the process that's listening on port 9090 or configure this application to listen on another port.

2022-03-31 16:28:25,530 WARN             [HikariPool-1 housekeeper] com.zaxxer.hikari.pool.HikariPool$HouseKeeper                            : HikariPool-1 - Thread starvation or clock leap detected (housekeeper delta=2m18s290ms336µs500ns).
2022-03-31 16:59:40,079 WARN             [HikariPool-1 housekeeper] com.zaxxer.hikari.pool.HikariPool$HouseKeeper                            : HikariPool-1 - Thread starvation or clock leap detected (housekeeper delta=20m14s407ms253µs600ns).
2022-03-31 17:39:08,456 WARN             [HikariPool-1 housekeeper] com.zaxxer.hikari.pool.HikariPool$HouseKeeper                            : HikariPool-1 - Thread starvation or clock leap detected (housekeeper delta=38m58s370ms366µs500ns).
